#
# An unexpected error has been detected by Java Runtime Environment:
#
#  EXCEPTION_ACCESS_VIOLATION (0xc0000005) at pc=0x78c5ace8, pid=12192, tid=11552
#
# Java VM: Java HotSpot(TM) Client VM (1.6.0-b105 mixed mode)
# Problematic frame:
# C  [awt.dll+0xeace8]
#
# If you would like to submit a bug report, please visit:
#   http://java.sun.com/webapps/bugreport/crash.jsp
#

---------------  T H R E A D  ---------------

Current thread (0x03c6ec00):  JavaThread "AWT-EventQueue-0" [_thread_in_native, id=11552]

siginfo: ExceptionCode=0xc0000005, reading address 0x0000000a

Registers:
EAX=0x00000006, EBX=0x00000000, ECX=0x00002d20, EDX=0xfffffffe
ESP=0x6c6df3dc, EBP=0x00000020, ESI=0x6c3808e8, EDI=0x03c6ece8
EIP=0x78c5ace8, EFLAGS=0x00010246

Top of Stack: (sp=0x6c6df3dc)
0x6c6df3dc:   03c6ec00 107dfc38 6c6df438 107dfc38
0x6c6df3ec:   0564a460 03c6ece8 6c6df464 6c6df460
0x6c6df3fc:   00000020 00ff0000 0000ff00 000000ff
0x6c6df40c:   00000000 00000000 05642dd7 6c6df418
0x6c6df41c:   00000000 6c6df464 107e0fc8 00000000
0x6c6df42c:   107dfc38 00000000 6c6df448 6c6df488
0x6c6df43c:   05642c71 00000000 05648419 00000000
0x6c6df44c:   00000000 000000ff 0000ff00 00ff0000 

Instructions: (pc=0x78c5ace8)
0x78c5acd8:   78 52 e8 a1 ad ff ff 89 86 c0 00 00 00 8b 40 04
0x78c5ace8:   8b 40 04 50 55 e8 1e 29 00 00 83 c4 08 85 c0 75 


Stack: [0x6c660000,0x6c6e0000),  sp=0x6c6df3dc,  free space=508k
Native frames: (J=compiled Java code, j=interpreted, Vv=VM code, C=native code)
C  [awt.dll+0xeace8]

[error occurred during error reporting, step 120, id 0xc0000005]

Java frames: (J=compiled Java code, j=interpreted, Vv=VM code)
j  sun.java2d.windows.Win32SurfaceData.initOps(Lsun/awt/windows/WComponentPeer;IIIIII)V+0
j  sun.java2d.windows.Win32SurfaceData.<init>(Lsun/awt/windows/WComponentPeer;Lsun/java2d/loops/SurfaceType;I)V+191
j  sun.java2d.windows.Win32SurfaceData.createData(Lsun/awt/windows/WComponentPeer;I)Lsun/java2d/windows/Win32SurfaceData;+15
j  sun.awt.Win32GraphicsConfig.createSurfaceData(Lsun/awt/windows/WComponentPeer;I)Lsun/java2d/SurfaceData;+2
j  sun.awt.windows.WComponentPeer.replaceSurfaceData(I)V+59
j  sun.awt.windows.WComponentPeer.replaceSurfaceData()V+5
j  sun.awt.windows.WComponentPeer.displayChanged()V+1
j  sun.awt.windows.WCanvasPeer.displayChanged()V+9
j  sun.awt.windows.WPanelPeer.displayChanged()V+1
j  sun.awt.windows.WWindowPeer.displayChanged()V+5
j  sun.awt.SunDisplayChanger.notifyListeners()V+65
j  sun.awt.Win32GraphicsDevice.displayChanged()V+24
j  sun.java2d.SunGraphicsEnvironment.displayChanged()V+33
j  sun.awt.Win32GraphicsEnvironment.displayChanged()V+4
j  sun.awt.windows.WToolkit$4.run()V+6
J  java.awt.event.InvocationEvent.dispatch()V
J  java.awt.EventQueue.dispatchEvent(Ljava/awt/AWTEvent;)V
J  java.awt.EventDispatchThread.pumpOneEventForFilters(I)Z
J  java.awt.EventDispatchThread.pumpEventsForFilter(ILjava/awt/Conditional;Ljava/awt/EventFilter;)V
j  java.awt.EventDispatchThread.pumpEventsForHierarchy(ILjava/awt/Conditional;Ljava/awt/Component;)V+11
j  java.awt.EventDispatchThread.pumpEvents(ILjava/awt/Conditional;)V+4
j  java.awt.EventDispatchThread.pumpEvents(Ljava/awt/Conditional;)V+3
j  java.awt.EventDispatchThread.run()V+9
v  ~StubRoutines::call_stub

---------------  P R O C E S S  ---------------

Java Threads: ( => current thread )
  0x6d136c00 JavaThread "Thread-25" [_thread_in_native, id=18240]
  0x6d134400 JavaThread "Thread-19" [_thread_blocked, id=12948]
  0x6d134000 JavaThread "Thread-17" [_thread_blocked, id=18204]
  0x6d134c00 JavaThread "Prefs Updater" [_thread_blocked, id=18388]
  0x6d136800 JavaThread "Thread-9" [_thread_blocked, id=10488]
  0x6d136400 JavaThread "Thread-8" [_thread_blocked, id=8400]
  0x6d135c00 JavaThread "Thread-7" [_thread_blocked, id=3820]
  0x6d135800 JavaThread "Thread-6" [_thread_blocked, id=11648]
  0x6d133800 JavaThread "Thread-5" [_thread_blocked, id=11560]
  0x6d132800 JavaThread "Active Reference Queue Daemon" daemon [_thread_blocked, id=10848]
  0x6d133000 JavaThread "Timer-2" daemon [_thread_blocked, id=11744]
  0x6d133400 JavaThread "Timer-1" daemon [_thread_blocked, id=10928]
  0x6d132400 JavaThread "TimerQueue" daemon [_thread_blocked, id=11480]
=>0x03c6ec00 JavaThread "AWT-EventQueue-0" [_thread_in_native, id=11552]
  0x6c5df800 JavaThread "AWT-Shutdown" [_thread_blocked, id=10816]
  0x6c5dc000 JavaThread "AWT-Windows" daemon [_thread_in_native, id=7648]
  0x6c5db400 JavaThread "Java2D Disposer" daemon [_thread_blocked, id=11048]
  0x03fd2c00 JavaThread "Timer-0" [_thread_blocked, id=10876]
  0x03cf3400 JavaThread "Low Memory Detector" daemon [_thread_blocked, id=7460]
  0x03ceec00 JavaThread "CompilerThread0" daemon [_thread_blocked, id=6860]
  0x03cee400 JavaThread "Attach Listener" daemon [_thread_blocked, id=11024]
  0x03cee000 JavaThread "Signal Dispatcher" daemon [_thread_blocked, id=9952]
  0x03cdac00 JavaThread "Finalizer" daemon [_thread_blocked, id=10396]
  0x03cce800 JavaThread "Reference Handler" daemon [_thread_blocked, id=12120]
  0x0179d800 JavaThread "main" [_thread_in_native, id=10152]

Other Threads:
  0x03ccac00 VMThread [id=11676]
  0x03d04c00 WatcherThread [id=2444]

VM state:not at safepoint (normal execution)

VM Mutex/Monitor currently owned by a thread: None

Heap
 def new generation   total 29376K, used 12779K [0x07640000, 0x09610000, 0x09640000)
  eden space 26176K,  44% used [0x07640000, 0x081928e0, 0x08fd0000)
  from space 3200K,  37% used [0x092f0000, 0x094183c0, 0x09610000)
  to   space 3200K,   0% used [0x08fd0000, 0x08fd0000, 0x092f0000)
 tenured generation   total 97412K, used 72500K [0x09640000, 0x0f561000, 0x0f640000)
   the space 97412K,  74% used [0x09640000, 0x0dd0d120, 0x0dd0d200, 0x0f561000)
 compacting perm gen  total 32768K, used 26257K [0x0f640000, 0x11640000, 0x13640000)
   the space 32768K,  80% used [0x0f640000, 0x10fe4518, 0x10fe4600, 0x11640000)
No shared spaces configured.

Dynamic libraries:
0x00400000 - 0x004eb000 	C:\Program Files\MATLAB\R2007b\bin\win32\MATLAB.exe
0x77010000 - 0x77137000 	C:\Windows\system32\ntdll.dll
0x76cd0000 - 0x76dab000 	C:\Windows\system32\kernel32.dll
0x7aca0000 - 0x7aeba000 	C:\Program Files\MATLAB\R2007b\bin\win32\libmwservices.dll
0x7aec0000 - 0x7af1d000 	C:\Program Files\MATLAB\R2007b\bin\win32\libmwmathutil.dll
0x7ac50000 - 0x7ac9f000 	C:\Program Files\MATLAB\R2007b\bin\win32\libmx.dll
0x7ab80000 - 0x7ac4e000 	C:\Program Files\MATLAB\R2007b\bin\win32\libut.dll
0x768d0000 - 0x768f9000 	C:\Windows\system32\imagehlp.dll
0x76c20000 - 0x76cca000 	C:\Windows\system32\msvcrt.dll
0x757f0000 - 0x757f7000 	C:\Windows\system32\PSAPI.DLL
0x789a0000 - 0x78b62000 	C:\Program Files\MATLAB\R2007b\bin\win32\xerces-c_2_7.dll
0x7af20000 - 0x7aff7000 	C:\Program Files\MATLAB\R2007b\bin\win32\icuuc36.dll
0x764a0000 - 0x76566000 	C:\Windows\system32\ADVAPI32.dll
0x76570000 - 0x76632000 	C:\Windows\system32\RPCRT4.dll
0x7a770000 - 0x7a774000 	C:\Program Files\MATLAB\R2007b\bin\win32\icudt36.dll
0x72530000 - 0x725cb000 	C:\Windows\WinSxS\x86_microsoft.vc80.crt_1fc8b3b9a1e18e3b_8.0.50727.1434_none_d08b6002442c891f\MSVCR80.dll
0x768a0000 - 0x768cd000 	C:\Windows\system32\WS2_32.dll
0x77150000 - 0x77156000 	C:\Windows\system32\NSI.dll
0x7a9e0000 - 0x7aaa2000 	C:\Program Files\MATLAB\R2007b\bin\win32\icuin36.dll
0x7a780000 - 0x7a78c000 	C:\Program Files\MATLAB\R2007b\bin\win32\icuio36.dll
0x71d60000 - 0x71de7000 	C:\Windows\WinSxS\x86_microsoft.vc80.crt_1fc8b3b9a1e18e3b_8.0.50727.1434_none_d08b6002442c891f\MSVCP80.dll
0x76b80000 - 0x76c1d000 	C:\Windows\system32\USER32.dll
0x76450000 - 0x7649b000 	C:\Windows\system32\GDI32.dll
0x78620000 - 0x78632000 	C:\Program Files\MATLAB\R2007b\bin\win32\zlib1.dll
0x79120000 - 0x79154000 	C:\Program Files\MATLAB\R2007b\bin\win32\mpath.dll
0x72d10000 - 0x72d95000 	C:\Windows\WinSxS\x86_microsoft.windows.common-controls_6595b64144ccf1df_5.82.6001.18000_none_886786f450a74a05\COMCTL32.dll
0x769d0000 - 0x76a43000 	C:\Windows\system32\comdlg32.dll
0x763a0000 - 0x763f8000 	C:\Windows\system32\SHLWAPI.dll
0x75890000 - 0x7639f000 	C:\Windows\system32\SHELL32.dll
0x75390000 - 0x75405000 	C:\Windows\system32\NETAPI32.dll
0x796e0000 - 0x79713000 	C:\Program Files\MATLAB\R2007b\bin\win32\mcr.dll
0x78500000 - 0x78518000 	C:\Program Files\MATLAB\R2007b\bin\win32\bridge.dll
0x7a790000 - 0x7a79d000 	C:\Program Files\MATLAB\R2007b\bin\win32\iqm.dll
0x7a7b0000 - 0x7a7be000 	C:\Program Files\MATLAB\R2007b\bin\win32\libmex.dll
0x79550000 - 0x795a4000 	C:\Program Files\MATLAB\R2007b\bin\win32\m_dispatcher.dll
0x78520000 - 0x7853c000 	C:\Program Files\MATLAB\R2007b\bin\win32\datasvcs.dll
0x79c60000 - 0x7a0f2000 	C:\Program Files\MATLAB\R2007b\bin\win32\m_interpreter.dll
0x78540000 - 0x78560000 	C:\Program Files\MATLAB\R2007b\bin\win32\libmat.dll
0x7aab0000 - 0x7ab78000 	C:\Program Files\MATLAB\R2007b\bin\win32\libhdf5.dll
0x7a810000 - 0x7a819000 	C:\Program Files\MATLAB\R2007b\bin\win32\libmwmathrng.dll
0x790e0000 - 0x79111000 	C:\Program Files\MATLAB\R2007b\bin\win32\m_ir.dll
0x79790000 - 0x79c58000 	C:\Program Files\MATLAB\R2007b\bin\win32\m_parser.dll
0x7a7a0000 - 0x7a7ac000 	C:\Program Files\MATLAB\R2007b\bin\win32\ir_xfmr.dll
0x782e0000 - 0x783df000 	C:\Program Files\MATLAB\R2007b\bin\win32\mcos.dll
0x7a840000 - 0x7a84a000 	C:\Program Files\MATLAB\R2007b\bin\win32\mtok.dll
0x78580000 - 0x78595000 	C:\Program Files\MATLAB\R2007b\bin\win32\m_pcodegen.dll
0x785a0000 - 0x785b2000 	C:\Program Files\MATLAB\R2007b\bin\win32\m_pcodeio.dll
0x79460000 - 0x794a7000 	C:\Program Files\MATLAB\R2007b\bin\win32\profiler.dll
0x7a760000 - 0x7a76d000 	C:\Program Files\MATLAB\R2007b\bin\win32\boost_thread-vc80-mt-1_33_1.dll
0x7a640000 - 0x7a6c8000 	C:\Program Files\MATLAB\R2007b\bin\win32\udd.dll
0x79410000 - 0x79458000 	C:\Program Files\MATLAB\R2007b\bin\win32\comcli.dll
0x79020000 - 0x79055000 	C:\Program Files\MATLAB\R2007b\bin\win32\jmi.dll
0x71f60000 - 0x71f67000 	C:\Windows\system32\WSOCK32.dll
0x7a6d0000 - 0x7a75b000 	C:\Program Files\MATLAB\R2007b\bin\win32\uiw.dll
0x7b000000 - 0x7b0d6000 	C:\Program Files\MATLAB\R2007b\bin\win32\libmwgui.dll
0x78d40000 - 0x78d6a000 	C:\Program Files\MATLAB\R2007b\bin\win32\libmwhardcopy.dll
0x790a0000 - 0x790d2000 	C:\Program Files\MATLAB\R2007b\bin\win32\libuij.dll
0x7a880000 - 0x7a889000 	C:\Program Files\MATLAB\R2007b\bin\win32\uinone.dll
0x6b8d0000 - 0x6b9df000 	C:\Windows\WinSxS\x86_microsoft.vc80.mfc_1fc8b3b9a1e18e3b_8.0.50727.762_none_0c178a139ee2a7ed\MFC80.DLL
0x726d0000 - 0x72712000 	C:\Windows\system32\WINSPOOL.DRV
0x76db0000 - 0x76ef4000 	C:\Windows\system32\ole32.dll
0x76f00000 - 0x76f8d000 	C:\Windows\system32\OLEAUT32.dll
0x70080000 - 0x7009b000 	C:\Windows\WinSxS\x86_microsoft.vc80.atl_1fc8b3b9a1e18e3b_8.0.50727.762_none_11ecb0ab9b2caf3c\ATL80.DLL
0x78680000 - 0x787e8000 	C:\Program Files\MATLAB\R2007b\bin\win32\hg.dll
0x787f0000 - 0x7899e000 	C:\Program Files\MATLAB\R2007b\bin\win32\numerics.dll
0x7a7c0000 - 0x7a7c7000 	C:\Program Files\MATLAB\R2007b\bin\win32\libmwamd.dll
0x794b0000 - 0x79508000 	C:\Program Files\MATLAB\R2007b\bin\win32\libmwcholmod.dll
0x7a7f0000 - 0x7a7f7000 	C:\Program Files\MATLAB\R2007b\bin\win32\libmwcolamd.dll
0x78560000 - 0x7857a000 	C:\Program Files\MATLAB\R2007b\bin\win32\libmwlapack.dll
0x7a7d0000 - 0x7a7dc000 	C:\Program Files\MATLAB\R2007b\bin\win32\libmwbinder.dll
0x7a7e0000 - 0x7a7e9000 	C:\Program Files\MATLAB\R2007b\bin\win32\libmwblas.dll
0x7a800000 - 0x7a807000 	C:\Program Files\MATLAB\R2007b\bin\win32\libmwcsparse.dll
0x78d70000 - 0x78d96000 	C:\Program Files\MATLAB\R2007b\bin\win32\libmwma57.dll
0x7a930000 - 0x7a9d9000 	C:\Program Files\MATLAB\R2007b\bin\win32\libifcoremd.dll
0x79160000 - 0x7940c000 	C:\Program Files\MATLAB\R2007b\bin\win32\libmmd.dll
0x79670000 - 0x796dc000 	C:\Program Files\MATLAB\R2007b\bin\win32\libmwumfpack.dll
0x7a5b0000 - 0x7a638000 	C:\Program Files\MATLAB\R2007b\bin\win32\libfftw3.dll
0x7a890000 - 0x7a92c000 	C:\Program Files\MATLAB\R2007b\bin\win32\libfftw3f.dll
0x7a830000 - 0x7a83b000 	C:\Program Files\MATLAB\R2007b\bin\win32\mlautoregister.dll
0x785c0000 - 0x785d2000 	C:\Program Files\MATLAB\R2007b\bin\win32\mwoles05.DLL
0x79720000 - 0x79785000 	C:\Program Files\MATLAB\R2007b\bin\win32\udd_mi.dll
0x77250000 - 0x7726e000 	C:\Windows\system32\IMM32.DLL
0x767d0000 - 0x76898000 	C:\Windows\system32\MSCTF.dll
0x77240000 - 0x77249000 	C:\Windows\system32\LPK.DLL
0x76f90000 - 0x7700d000 	C:\Windows\system32\USP10.dll
0x745d0000 - 0x7476e000 	C:\Windows\WinSxS\x86_microsoft.windows.common-controls_6595b64144ccf1df_6.0.6001.18000_none_5cdbaa5a083979cc\comctl32.dll
0x6fcf0000 - 0x6fcfe000 	C:\Windows\WinSxS\x86_microsoft.vc80.mfcloc_1fc8b3b9a1e18e3b_8.0.50727.762_none_43efccf17831d131\MFC80ENU.DLL
0x7a100000 - 0x7a5b0000 	C:\Program Files\MATLAB\R2007b\bin\win32\mllapack.dll
0x7b3f0000 - 0x7bcc7000 	C:\Program Files\MATLAB\R2007b\bin\win32\mkl.dll
0x79060000 - 0x79095000 	C:\Program Files\MATLAB\R2007b\bin\win32\libguide40.dll
0x7b0e0000 - 0x7b0e5000 	C:\Program Files\MATLAB\R2007b\bin\win32\mklcompat.dll
0x02e90000 - 0x02eac000 	C:\Program Files\Common Files\Logishrd\LVMVFM\LVPrcInj.dll
0x748d0000 - 0x7490f000 	C:\Windows\system32\uxtheme.dll
0x771b0000 - 0x77234000 	C:\Windows\system32\CLBCatQ.DLL
0x76640000 - 0x767ca000 	C:\Windows\system32\SETUPAPI.dll
0x73c50000 - 0x73c53000 	C:\Windows\system32\icmp.Dll
0x75120000 - 0x75139000 	C:\Windows\system32\iphlpapi.dll
0x750e0000 - 0x75115000 	C:\Windows\system32\dhcpcsvc.DLL
0x75410000 - 0x7543c000 	C:\Windows\system32\DNSAPI.dll
0x75720000 - 0x75734000 	C:\Windows\system32\Secur32.dll
0x750d0000 - 0x750d7000 	C:\Windows\system32\WINNSI.DLL
0x750a0000 - 0x750c1000 	C:\Windows\system32\dhcpcsvc6.DLL
0x78dd0000 - 0x79017000 	C:\Program Files\MATLAB\R2007b\sys\java\jre\win32\jre1.6.0\bin\client\jvm.dll
0x74360000 - 0x74392000 	C:\Windows\system32\WINMM.dll
0x74320000 - 0x74359000 	C:\Windows\system32\OLEACC.dll
0x795b0000 - 0x79606000 	C:\Program Files\MATLAB\R2007b\bin\win32\MSVCR71.dll
0x756c0000 - 0x756ec000 	C:\Windows\system32\apphelp.dll
0x79510000 - 0x79518000 	C:\Program Files\MATLAB\R2007b\sys\java\jre\win32\jre1.6.0\bin\hpi.dll
0x79530000 - 0x7953c000 	C:\Program Files\MATLAB\R2007b\sys\java\jre\win32\jre1.6.0\bin\verify.dll
0x78640000 - 0x7865f000 	C:\Program Files\MATLAB\R2007b\sys\java\jre\win32\jre1.6.0\bin\java.dll
0x79540000 - 0x7954f000 	C:\Program Files\MATLAB\R2007b\sys\java\jre\win32\jre1.6.0\bin\zip.dll
0x785e0000 - 0x785f2000 	C:\Program Files\MATLAB\R2007b\bin\win32\nativejava.dll
0x78600000 - 0x78611000 	C:\Program Files\MATLAB\R2007b\bin\win32\nativejmi.dll
0x7a870000 - 0x7a876000 	C:\Program Files\MATLAB\R2007b\bin\win32\nativeservices.dll
0x78b70000 - 0x78d33000 	C:\Program Files\MATLAB\R2007b\sys\java\jre\win32\jre1.6.0\bin\awt.dll
0x79610000 - 0x79663000 	C:\Program Files\MATLAB\R2007b\sys\java\jre\win32\jre1.6.0\bin\fontmanager.dll
0x78660000 - 0x78673000 	C:\Program Files\MATLAB\R2007b\sys\java\jre\win32\jre1.6.0\bin\net.dll
0x74e90000 - 0x74ecb000 	C:\Windows\system32\mswsock.dll
0x74f40000 - 0x74f45000 	C:\Windows\System32\wship6.dll
0x79520000 - 0x79529000 	C:\Program Files\MATLAB\R2007b\sys\java\jre\win32\jre1.6.0\bin\nio.dll
0x6f470000 - 0x6f477000 	C:\Program Files\MATLAB\R2007b\bin\win32\nativemlint.dll
0x6e6a0000 - 0x6e6da000 	C:\Program Files\MATLAB\R2007b\bin\win32\mlint.dll
0x7a850000 - 0x7a85c000 	C:\Program Files\MATLAB\R2007b\bin\win32\nativecmdwin.dll
0x7a860000 - 0x7a866000 	C:\Program Files\MATLAB\R2007b\bin\win32\nativelex.dll
0x78da0000 - 0x78dc3000 	C:\Program Files\MATLAB\R2007b\sys\java\jre\win32\jre1.6.0\bin\dcpr.dll
0x6dd50000 - 0x6df24000 	C:\Windows\system32\spool\DRIVERS\W32X86\3\CNMUI93.DLL
0x74f50000 - 0x74f58000 	C:\Windows\system32\VERSION.dll
0x74e10000 - 0x74e15000 	C:\Windows\system32\MSIMG32.dll

VM Arguments:
jvm_args: -Xss512k -XX:PermSize=32M -Xms64m -XX:NewRatio=3 -XX:MaxPermSize=64M -Xmx128m -XX:MaxDirectMemorySize=1200000000 -Dsun.java2d.noddraw=true -Dsun.awt.nopixfmt=true -Xshare:off -Djava.library.path=C:\Program Files\MATLAB\R2007b\bin\win32 vfprintf abort
java_command: <unknown>
Launcher Type: generic

Environment Variables:
CLASSPATH=.;C:\Program Files\Java\jre1.6.0_07\lib\ext\QTJava.zip
PATH=C:\Program Files\MATLAB\R2007b\sys\java\jre\win32\jre1.6.0\bin;C:\Program Files\MATLAB\R2007b\sys\webrenderer\windows\corecomponents;C:\Program Files\MATLAB\R2007b\sys\webrenderer\windows;C:\Windows\system32;C:\Windows;C:\Windows\System32\Wbem;C:\Program Files\Bitvise Tunnelier;C:\Program Files\cvsnt;C:\Program Files\MATLAB\R2007b\bin;C:\Program Files\MATLAB\R2007b\bin\win32;C:\Program Files\Microsoft Visual Studio 8\VC;C:\Program Files\OpenCV\bin;C:\Program Files\QuickTime\QTSystem\;C:\Program Files\CVSNT\
USERNAME=Steve
OS=Windows_NT
PROCESSOR_IDENTIFIER=x86 Family 6 Model 15 Stepping 6, GenuineIntel



---------------  S Y S T E M  ---------------

OS: Windows Vista Build 6001 Service Pack 1

CPU:total 2 family 6, cmov, cx8, fxsr, mmx, sse, sse2

Memory: 4k page, physical 2094480k(678476k free), swap 4194303k(1836832k free)

vm_info: Java HotSpot(TM) Client VM (1.6.0-b105) for windows-x86, built on Nov 29 2006 00:48:48 by "java_re" with unknown MS VC++:1310

